Base path: 'C:/Program Files/Unity/Hub/Editor/2019.3.0a4/Editor/Data', plugins path 'C:/Program Files/Unity/Hub/Editor/2019.3.0a4/Editor/Data/PlaybackEngines'
Cmd: initializeCompiler
Cmd: compileComputeKernel
  api=4 insize=916 outsize=614 ok=1
Cmd: compileComputeKernel
  error: 2 plat 14 at Pixel.compute(35): undeclared identifier 'particleGrid'
  api=14 insize=1105 outsize=0 ok=0
Cmd: compileComputeKernel
  api=4 insize=1332 outsize=566 ok=1
Cmd: compileComputeKernel
  api=14 insize=1350 outsize=1506 ok=1
Cmd: translateComputeKernel
  api=14 insize=1506 outsize=1412 ok=1
Cmd: translateComputeKernel
  api=14 insize=1160 outsize=1287 ok=1
Cmd: compileComputeKernel
  api=14 insize=1323 outsize=1506 ok=1
Cmd: compileComputeKernel
  api=14 insize=1323 outsize=1115 ok=1
Cmd: translateComputeKernel
  api=14 insize=1566 outsize=1961 ok=1
Cmd: compileComputeKernel
  api=4 insize=1374 outsize=322 ok=1
Cmd: compileComputeKernel
  api=14 insize=1374 outsize=1047 ok=1
Cmd: compileComputeKernel
  error: 2 plat 4 at Pixel.compute(46): undeclared identifier 'properties'
  api=4 insize=1389 outsize=0 ok=0
Cmd: compileComputeKernel
  api=14 insize=1429 outsize=754 ok=1
Cmd: compileComputeKernel
  api=4 insize=1421 outsize=614 ok=1
Cmd: compileComputeKernel
  api=14 insize=1475 outsize=1566 ok=1
Cmd: compileComputeKernel
  api=4 insize=1477 outsize=566 ok=1
Cmd: translateComputeKernel
  api=14 insize=1566 outsize=1961 ok=1
Cmd: compileComputeKernel
  api=4 insize=1477 outsize=614 ok=1
Cmd: translateComputeKernel
  api=14 insize=1816 outsize=2160 ok=1
Cmd: compileComputeKernel
  api=4 insize=1475 outsize=614 ok=1
Cmd: compileComputeKernel
  api=4 insize=1475 outsize=566 ok=1
Cmd: translateComputeKernel
  api=14 insize=1816 outsize=2147 ok=1
Cmd: compileComputeKernel
  api=4 insize=1465 outsize=566 ok=1
Cmd: translateComputeKernel
  api=14 insize=1514 outsize=1412 ok=1
Cmd: compileComputeKernel
  api=4 insize=1471 outsize=614 ok=1
Cmd: translateComputeKernel
  api=14 insize=807 outsize=878 ok=1
Cmd: compileComputeKernel
  api=14 insize=1460 outsize=1514 ok=1
Cmd: compileComputeKernel
  api=4 insize=1458 outsize=322 ok=1
Cmd: compileComputeKernel
  api=4 insize=1468 outsize=322 ok=1
Cmd: compileComputeKernel
  api=4 insize=1460 outsize=614 ok=1
Cmd: translateComputeKernel
  api=14 insize=1566 outsize=1961 ok=1
Cmd: compileComputeKernel
  api=4 insize=1478 outsize=322 ok=1
Cmd: translateComputeKernel
  api=14 insize=807 outsize=878 ok=1
Cmd: compileComputeKernel
  api=14 insize=1478 outsize=1514 ok=1
Cmd: compileComputeKernel
  api=4 insize=1482 outsize=570 ok=1
Cmd: compileComputeKernel
  api=14 insize=1478 outsize=1764 ok=1
Cmd: compileComputeKernel
  error: 2 plat 14 at Pixel.compute(47): undeclared identifier 'move'
  api=14 insize=1462 outsize=0 ok=0
Cmd: compileComputeKernel
  api=14 insize=1478 outsize=754 ok=1
Cmd: translateComputeKernel
  api=14 insize=1716 outsize=1980 ok=1
Cmd: compileComputeKernel
  api=4 insize=1466 outsize=614 ok=1
Cmd: translateComputeKernel
  api=14 insize=807 outsize=878 ok=1
Cmd: compileComputeKernel
  error: 2 plat 4 at Pixel.compute(47): undeclared identifier 'move'
  api=4 insize=1478 outsize=0 ok=0
Cmd: compileComputeKernel
  api=14 insize=1482 outsize=754 ok=1
Cmd: compileComputeKernel
  api=14 insize=1654 outsize=1764 ok=1
Cmd: compileComputeKernel
  api=4 insize=1708 outsize=816 ok=1
Cmd: compileComputeKernel
  api=14 insize=1728 outsize=1674 ok=1
Cmd: compileComputeKernel
  api=14 insize=1739 outsize=1669 ok=1
Cmd: compileComputeKernel
  api=14 insize=1854 outsize=1674 ok=1
Cmd: translateComputeKernel
  api=14 insize=843 outsize=878 ok=1
Cmd: compileComputeKernel
  api=4 insize=1880 outsize=322 ok=1
Cmd: compileComputeKernel
  api=14 insize=1954 outsize=1674 ok=1
Cmd: compileComputeKernel
  api=14 insize=2139 outsize=754 ok=1
Cmd: compileComputeKernel
  error: 2 plat 14 at Pixel.compute(65): redefinition of 'l'
  api=14 insize=2444 outsize=0 ok=0
Cmd: compileComputeKernel
  error: 2 plat 4 at Pixel.compute(71): undeclared identifier 'moveX'
  api=4 insize=2436 outsize=0 ok=0
Cmd: compileComputeKernel
  api=4 insize=2455 outsize=614 ok=1
Cmd: compileComputeKernel
  api=4 insize=2457 outsize=613 ok=1
Cmd: compileComputeKernel
  api=4 insize=2464 outsize=1515 ok=1
Cmd: translateComputeKernel
  api=14 insize=2600 outsize=3283 ok=1
Cmd: compileComputeKernel
  api=4 insize=2435 outsize=322 ok=1
Cmd: compileComputeKernel
  api=4 insize=2435 outsize=614 ok=1
Cmd: translateComputeKernel
  api=14 insize=1698 outsize=1525 ok=1
Cmd: translateComputeKernel
  api=14 insize=1710 outsize=2019 ok=1
Cmd: compileComputeKernel
  error: 2 plat 14 at Pixel.compute(35): undeclared identifier 'rng_state'
  api=14 insize=3543 outsize=0 ok=0
Cmd: compileComputeKernel
  api=4 insize=3551 outsize=614 ok=1
Cmd: translateComputeKernel
  api=14 insize=843 outsize=878 ok=1
Cmd: compileComputeKernel
  api=4 insize=3444 outsize=322 ok=1
Cmd: translateComputeKernel
  api=14 insize=1802 outsize=2019 ok=1
Cmd: compileComputeKernel
  api=4 insize=3464 outsize=613 ok=1
Cmd: compileComputeKernel
  api=4 insize=3466 outsize=613 ok=1
Cmd: compileComputeKernel
  api=4 insize=3429 outsize=322 ok=1
Cmd: compileComputeKernel
  api=14 insize=3447 outsize=1766 ok=1
Cmd: translateComputeKernel
  api=14 insize=2434 outsize=2600 ok=1
Cmd: compileComputeKernel
  api=4 insize=3890 outsize=614 ok=1
Cmd: compileComputeKernel
  api=4 insize=3889 outsize=322 ok=1
Cmd: compileComputeKernel
  api=14 insize=3889 outsize=4343 ok=1
Cmd: compileComputeKernel
  api=4 insize=3982 outsize=1257 ok=1
Cmd: compileComputeKernel
  api=14 insize=4307 outsize=1766 ok=1
Cmd: compileComputeKernel
  error: 2 plat 14 at Pixel.compute(126): undeclared identifier 'moveX3'
  api=14 insize=4307 outsize=0 ok=0
Cmd: translateComputeKernel
  api=14 insize=1802 outsize=2019 ok=1
Cmd: compileComputeKernel
  error: 2 plat 4 at Pixel.compute(128): redefinition of 'canMove'
  api=4 insize=5043 outsize=0 ok=0
Cmd: compileComputeKernel
  error: 2 plat 4 at Pixel.compute(113): undeclared identifier 'canMove'
  api=4 insize=5035 outsize=0 ok=0
Cmd: compileComputeKernel
  error: 2 plat 4 at Pixel.compute(113): undeclared identifier 'canMove'
  api=4 insize=5039 outsize=0 ok=0
Cmd: compileComputeKernel
  error: 2 plat 4 at Pixel.compute(113): undeclared identifier 'canMove'
  api=4 insize=5044 outsize=0 ok=0
Cmd: compileComputeKernel
  api=14 insize=5048 outsize=4559 ok=1
Cmd: compileComputeKernel
  api=14 insize=5050 outsize=1766 ok=1
Cmd: compileComputeKernel
  api=4 insize=5045 outsize=614 ok=1
Cmd: compileComputeKernel
  api=4 insize=5045 outsize=3575 ok=1
Cmd: compileComputeKernel
  api=4 insize=5045 outsize=3575 ok=1
Cmd: compileComputeKernel
  error: 2 plat 4 at Pixel.compute(155): undeclared identifier 'moveY3'
  api=4 insize=5047 outsize=0 ok=0
Cmd: translateComputeKernel
  api=14 insize=1802 outsize=2019 ok=1
Cmd: compileComputeKernel
  api=14 insize=5055 outsize=1766 ok=1
