Base path: 'C:/Program Files/Unity/Hub/Editor/2019.3.0a4/Editor/Data', plugins path 'C:/Program Files/Unity/Hub/Editor/2019.3.0a4/Editor/Data/PlaybackEngines'
Cmd: initializeCompiler
Cmd: compileSnippet
  api=4 type=0 insize=1582 outsize=690 kw= pd=UNITY_ENABLE_REFLECTION_BUFFERS UNITY_USE_DITHER_MASK_FOR_ALPHABLENDED_SHADOWS UNITY_PBS_USE_BRDF1 UNITY_SPECCUBE_BOX_PROJECTION UNITY_SPECCUBE_BLENDING UNITY_ENABLE_DETAIL_NORMALMAP SHADER_API_DESKTOP UNITY_COLORSPACE_GAMMA UNITY_LIGHT_PROBE_PROXY_VOLUME UNITY_LIGHTMAP_FULL_HDR ok=1
Cmd: compileSnippet
  api=4 type=1 insize=1582 outsize=354 kw= pd=UNITY_ENABLE_REFLECTION_BUFFERS UNITY_USE_DITHER_MASK_FOR_ALPHABLENDED_SHADOWS UNITY_PBS_USE_BRDF1 UNITY_SPECCUBE_BOX_PROJECTION UNITY_SPECCUBE_BLENDING UNITY_ENABLE_DETAIL_NORMALMAP SHADER_API_DESKTOP UNITY_COLORSPACE_GAMMA UNITY_LIGHT_PROBE_PROXY_VOLUME UNITY_LIGHTMAP_FULL_HDR ok=1
Cmd: preprocess
  insize=3207 outsize=1205 ok=1
Cmd: compileSnippet
  api=4 type=0 insize=2445 outsize=1350 kw= pd=UNITY_ENABLE_REFLECTION_BUFFERS UNITY_USE_DITHER_MASK_FOR_ALPHABLENDED_SHADOWS UNITY_PBS_USE_BRDF1 UNITY_SPECCUBE_BOX_PROJECTION UNITY_SPECCUBE_BLENDING UNITY_ENABLE_DETAIL_NORMALMAP SHADER_API_DESKTOP UNITY_COLORSPACE_GAMMA UNITY_LIGHT_PROBE_PROXY_VOLUME UNITY_LIGHTMAP_FULL_HDR ok=1
Cmd: compileSnippet
  api=4 type=1 insize=2445 outsize=998 kw= pd=UNITY_ENABLE_REFLECTION_BUFFERS UNITY_USE_DITHER_MASK_FOR_ALPHABLENDED_SHADOWS UNITY_PBS_USE_BRDF1 UNITY_SPECCUBE_BOX_PROJECTION UNITY_SPECCUBE_BLENDING UNITY_ENABLE_DETAIL_NORMALMAP SHADER_API_DESKTOP UNITY_COLORSPACE_GAMMA UNITY_LIGHT_PROBE_PROXY_VOLUME UNITY_LIGHTMAP_FULL_HDR ok=1
Cmd: preprocessCompute
  insize=913 outsize=916 ok=1
Cmd: translateComputeKernel
  api=14 insize=1084 outsize=959 ok=1
Cmd: compileSnippet
  api=4 type=0 insize=1341 outsize=790 kw= pd=UNITY_ENABLE_REFLECTION_BUFFERS UNITY_USE_DITHER_MASK_FOR_ALPHABLENDED_SHADOWS UNITY_PBS_USE_BRDF1 UNITY_SPECCUBE_BOX_PROJECTION UNITY_SPECCUBE_BLENDING UNITY_ENABLE_DETAIL_NORMALMAP SHADER_API_DESKTOP UNITY_COLORSPACE_GAMMA UNITY_LIGHT_PROBE_PROXY_VOLUME UNITY_LIGHTMAP_FULL_HDR ok=1
Cmd: compileSnippet
  api=4 type=1 insize=1341 outsize=402 kw= pd=UNITY_ENABLE_REFLECTION_BUFFERS UNITY_USE_DITHER_MASK_FOR_ALPHABLENDED_SHADOWS UNITY_PBS_USE_BRDF1 UNITY_SPECCUBE_BOX_PROJECTION UNITY_SPECCUBE_BLENDING UNITY_ENABLE_DETAIL_NORMALMAP SHADER_API_DESKTOP UNITY_COLORSPACE_GAMMA UNITY_LIGHT_PROBE_PROXY_VOLUME UNITY_LIGHTMAP_FULL_HDR ok=1
Cmd: compileSnippet
  api=4 type=0 insize=1302 outsize=1414 kw=UNITY_PASS_SHADOWCASTER SHADOWS_DEPTH pd=UNITY_ENABLE_REFLECTION_BUFFERS UNITY_USE_DITHER_MASK_FOR_ALPHABLENDED_SHADOWS UNITY_PBS_USE_BRDF1 UNITY_SPECCUBE_BOX_PROJECTION UNITY_SPECCUBE_BLENDING UNITY_ENABLE_DETAIL_NORMALMAP SHADER_API_DESKTOP UNITY_COLORSPACE_GAMMA UNITY_LIGHT_PROBE_PROXY_VOLUME UNITY_LIGHTMAP_FULL_HDR ok=1
Cmd: compileSnippet
  api=4 type=1 insize=1302 outsize=218 kw=UNITY_PASS_SHADOWCASTER SHADOWS_DEPTH pd=UNITY_ENABLE_REFLECTION_BUFFERS UNITY_USE_DITHER_MASK_FOR_ALPHABLENDED_SHADOWS UNITY_PBS_USE_BRDF1 UNITY_SPECCUBE_BOX_PROJECTION UNITY_SPECCUBE_BLENDING UNITY_ENABLE_DETAIL_NORMALMAP SHADER_API_DESKTOP UNITY_COLORSPACE_GAMMA UNITY_LIGHT_PROBE_PROXY_VOLUME UNITY_LIGHTMAP_FULL_HDR ok=1
Cmd: compileSnippet
  api=4 type=0 insize=1596 outsize=1894 kw=UNITY_PASS_FORWARDBASE DIRECTIONAL LIGHTPROBE_SH pd=UNITY_ENABLE_REFLECTION_BUFFERS UNITY_USE_DITHER_MASK_FOR_ALPHABLENDED_SHADOWS UNITY_PBS_USE_BRDF1 UNITY_SPECCUBE_BOX_PROJECTION UNITY_SPECCUBE_BLENDING UNITY_ENABLE_DETAIL_NORMALMAP SHADER_API_DESKTOP UNITY_COLORSPACE_GAMMA UNITY_LIGHT_PROBE_PROXY_VOLUME UNITY_LIGHTMAP_FULL_HDR ok=1
Cmd: compileSnippet
  api=4 type=1 insize=1596 outsize=6814 kw=UNITY_PASS_FORWARDBASE DIRECTIONAL LIGHTPROBE_SH pd=UNITY_ENABLE_REFLECTION_BUFFERS UNITY_USE_DITHER_MASK_FOR_ALPHABLENDED_SHADOWS UNITY_PBS_USE_BRDF1 UNITY_SPECCUBE_BOX_PROJECTION UNITY_SPECCUBE_BLENDING UNITY_ENABLE_DETAIL_NORMALMAP SHADER_API_DESKTOP UNITY_COLORSPACE_GAMMA UNITY_LIGHT_PROBE_PROXY_VOLUME UNITY_LIGHTMAP_FULL_HDR ok=1
Cmd: compileSnippet
  api=4 type=0 insize=1454 outsize=1690 kw=UNITY_PASS_FORWARDADD DIRECTIONAL pd=UNITY_ENABLE_REFLECTION_BUFFERS UNITY_USE_DITHER_MASK_FOR_ALPHABLENDED_SHADOWS UNITY_PBS_USE_BRDF1 UNITY_SPECCUBE_BOX_PROJECTION UNITY_SPECCUBE_BLENDING UNITY_ENABLE_DETAIL_NORMALMAP SHADER_API_DESKTOP UNITY_COLORSPACE_GAMMA UNITY_LIGHT_PROBE_PROXY_VOLUME UNITY_LIGHTMAP_FULL_HDR ok=1
Cmd: compileSnippet
  api=4 type=1 insize=1454 outsize=3378 kw=UNITY_PASS_FORWARDADD DIRECTIONAL pd=UNITY_ENABLE_REFLECTION_BUFFERS UNITY_USE_DITHER_MASK_FOR_ALPHABLENDED_SHADOWS UNITY_PBS_USE_BRDF1 UNITY_SPECCUBE_BOX_PROJECTION UNITY_SPECCUBE_BLENDING UNITY_ENABLE_DETAIL_NORMALMAP SHADER_API_DESKTOP UNITY_COLORSPACE_GAMMA UNITY_LIGHT_PROBE_PROXY_VOLUME UNITY_LIGHTMAP_FULL_HDR ok=1
Cmd: compileSnippet
  api=4 type=0 insize=731 outsize=858 kw= pd=UNITY_ENABLE_REFLECTION_BUFFERS UNITY_USE_DITHER_MASK_FOR_ALPHABLENDED_SHADOWS UNITY_PBS_USE_BRDF1 UNITY_SPECCUBE_BOX_PROJECTION UNITY_SPECCUBE_BLENDING UNITY_ENABLE_DETAIL_NORMALMAP SHADER_API_DESKTOP UNITY_COLORSPACE_GAMMA UNITY_LIGHT_PROBE_PROXY_VOLUME UNITY_LIGHTMAP_FULL_HDR ok=1
Cmd: compileSnippet
  api=4 type=1 insize=731 outsize=422 kw= pd=UNITY_ENABLE_REFLECTION_BUFFERS UNITY_USE_DITHER_MASK_FOR_ALPHABLENDED_SHADOWS UNITY_PBS_USE_BRDF1 UNITY_SPECCUBE_BOX_PROJECTION UNITY_SPECCUBE_BLENDING UNITY_ENABLE_DETAIL_NORMALMAP SHADER_API_DESKTOP UNITY_COLORSPACE_GAMMA UNITY_LIGHT_PROBE_PROXY_VOLUME UNITY_LIGHTMAP_FULL_HDR ok=1
Cmd: compileSnippet
  api=4 type=0 insize=4971 outsize=1138 kw= pd=UNITY_ENABLE_REFLECTION_BUFFERS UNITY_USE_DITHER_MASK_FOR_ALPHABLENDED_SHADOWS UNITY_PBS_USE_BRDF1 UNITY_SPECCUBE_BOX_PROJECTION UNITY_SPECCUBE_BLENDING UNITY_ENABLE_DETAIL_NORMALMAP SHADER_API_DESKTOP UNITY_COLORSPACE_GAMMA UNITY_LIGHT_PROBE_PROXY_VOLUME UNITY_LIGHTMAP_FULL_HDR ok=1
Cmd: compileSnippet
  api=4 type=1 insize=4971 outsize=3494 kw= pd=UNITY_ENABLE_REFLECTION_BUFFERS UNITY_USE_DITHER_MASK_FOR_ALPHABLENDED_SHADOWS UNITY_PBS_USE_BRDF1 UNITY_SPECCUBE_BOX_PROJECTION UNITY_SPECCUBE_BLENDING UNITY_ENABLE_DETAIL_NORMALMAP SHADER_API_DESKTOP UNITY_COLORSPACE_GAMMA UNITY_LIGHT_PROBE_PROXY_VOLUME UNITY_LIGHTMAP_FULL_HDR ok=1
Cmd: compileSnippet
  api=4 type=0 insize=4971 outsize=1138 kw= pd=UNITY_ENABLE_REFLECTION_BUFFERS UNITY_USE_DITHER_MASK_FOR_ALPHABLENDED_SHADOWS UNITY_PBS_USE_BRDF1 UNITY_SPECCUBE_BOX_PROJECTION UNITY_SPECCUBE_BLENDING UNITY_ENABLE_DETAIL_NORMALMAP SHADER_API_DESKTOP UNITY_COLORSPACE_GAMMA UNITY_LIGHT_PROBE_PROXY_VOLUME UNITY_LIGHTMAP_FULL_HDR ok=1
Cmd: compileSnippet
  api=4 type=1 insize=4971 outsize=3494 kw= pd=UNITY_ENABLE_REFLECTION_BUFFERS UNITY_USE_DITHER_MASK_FOR_ALPHABLENDED_SHADOWS UNITY_PBS_USE_BRDF1 UNITY_SPECCUBE_BOX_PROJECTION UNITY_SPECCUBE_BLENDING UNITY_ENABLE_DETAIL_NORMALMAP SHADER_API_DESKTOP UNITY_COLORSPACE_GAMMA UNITY_LIGHT_PROBE_PROXY_VOLUME UNITY_LIGHTMAP_FULL_HDR ok=1
Cmd: compileSnippet
  api=4 type=0 insize=7853 outsize=1138 kw= pd=UNITY_ENABLE_REFLECTION_BUFFERS UNITY_USE_DITHER_MASK_FOR_ALPHABLENDED_SHADOWS UNITY_PBS_USE_BRDF1 UNITY_SPECCUBE_BOX_PROJECTION UNITY_SPECCUBE_BLENDING UNITY_ENABLE_DETAIL_NORMALMAP SHADER_API_DESKTOP UNITY_COLORSPACE_GAMMA UNITY_LIGHT_PROBE_PROXY_VOLUME UNITY_LIGHTMAP_FULL_HDR ok=1
Cmd: compileSnippet
  api=4 type=1 insize=7853 outsize=4770 kw= pd=UNITY_ENABLE_REFLECTION_BUFFERS UNITY_USE_DITHER_MASK_FOR_ALPHABLENDED_SHADOWS UNITY_PBS_USE_BRDF1 UNITY_SPECCUBE_BOX_PROJECTION UNITY_SPECCUBE_BLENDING UNITY_ENABLE_DETAIL_NORMALMAP SHADER_API_DESKTOP UNITY_COLORSPACE_GAMMA UNITY_LIGHT_PROBE_PROXY_VOLUME UNITY_LIGHTMAP_FULL_HDR ok=1
Cmd: compileSnippet
  api=4 type=0 insize=7853 outsize=1138 kw= pd=UNITY_ENABLE_REFLECTION_BUFFERS UNITY_USE_DITHER_MASK_FOR_ALPHABLENDED_SHADOWS UNITY_PBS_USE_BRDF1 UNITY_SPECCUBE_BOX_PROJECTION UNITY_SPECCUBE_BLENDING UNITY_ENABLE_DETAIL_NORMALMAP SHADER_API_DESKTOP UNITY_COLORSPACE_GAMMA UNITY_LIGHT_PROBE_PROXY_VOLUME UNITY_LIGHTMAP_FULL_HDR ok=1
Cmd: compileSnippet
  api=4 type=1 insize=7853 outsize=4770 kw= pd=UNITY_ENABLE_REFLECTION_BUFFERS UNITY_USE_DITHER_MASK_FOR_ALPHABLENDED_SHADOWS UNITY_PBS_USE_BRDF1 UNITY_SPECCUBE_BOX_PROJECTION UNITY_SPECCUBE_BLENDING UNITY_ENABLE_DETAIL_NORMALMAP SHADER_API_DESKTOP UNITY_COLORSPACE_GAMMA UNITY_LIGHT_PROBE_PROXY_VOLUME UNITY_LIGHTMAP_FULL_HDR ok=1
Cmd: compileSnippet
  api=4 type=0 insize=1341 outsize=790 kw= pd=UNITY_ENABLE_REFLECTION_BUFFERS UNITY_USE_DITHER_MASK_FOR_ALPHABLENDED_SHADOWS UNITY_PBS_USE_BRDF1 UNITY_SPECCUBE_BOX_PROJECTION UNITY_SPECCUBE_BLENDING UNITY_ENABLE_DETAIL_NORMALMAP SHADER_API_DESKTOP UNITY_COLORSPACE_GAMMA UNITY_LIGHT_PROBE_PROXY_VOLUME UNITY_LIGHTMAP_FULL_HDR ok=1
Cmd: compileSnippet
  api=4 type=1 insize=1341 outsize=402 kw= pd=UNITY_ENABLE_REFLECTION_BUFFERS UNITY_USE_DITHER_MASK_FOR_ALPHABLENDED_SHADOWS UNITY_PBS_USE_BRDF1 UNITY_SPECCUBE_BOX_PROJECTION UNITY_SPECCUBE_BLENDING UNITY_ENABLE_DETAIL_NORMALMAP SHADER_API_DESKTOP UNITY_COLORSPACE_GAMMA UNITY_LIGHT_PROBE_PROXY_VOLUME UNITY_LIGHTMAP_FULL_HDR ok=1
Cmd: compileSnippet
  api=4 type=0 insize=1878 outsize=1082 kw= pd=UNITY_ENABLE_REFLECTION_BUFFERS UNITY_USE_DITHER_MASK_FOR_ALPHABLENDED_SHADOWS UNITY_PBS_USE_BRDF1 UNITY_SPECCUBE_BOX_PROJECTION UNITY_SPECCUBE_BLENDING UNITY_ENABLE_DETAIL_NORMALMAP SHADER_API_DESKTOP UNITY_COLORSPACE_GAMMA UNITY_LIGHT_PROBE_PROXY_VOLUME UNITY_LIGHTMAP_FULL_HDR ok=1
Cmd: compileSnippet
  api=4 type=1 insize=1878 outsize=778 kw= pd=UNITY_ENABLE_REFLECTION_BUFFERS UNITY_USE_DITHER_MASK_FOR_ALPHABLENDED_SHADOWS UNITY_PBS_USE_BRDF1 UNITY_SPECCUBE_BOX_PROJECTION UNITY_SPECCUBE_BLENDING UNITY_ENABLE_DETAIL_NORMALMAP SHADER_API_DESKTOP UNITY_COLORSPACE_GAMMA UNITY_LIGHT_PROBE_PROXY_VOLUME UNITY_LIGHTMAP_FULL_HDR ok=1
Cmd: compileSnippet
  api=4 type=0 insize=1878 outsize=1082 kw= pd=UNITY_ENABLE_REFLECTION_BUFFERS UNITY_USE_DITHER_MASK_FOR_ALPHABLENDED_SHADOWS UNITY_PBS_USE_BRDF1 UNITY_SPECCUBE_BOX_PROJECTION UNITY_SPECCUBE_BLENDING UNITY_ENABLE_DETAIL_NORMALMAP SHADER_API_DESKTOP UNITY_COLORSPACE_GAMMA UNITY_LIGHT_PROBE_PROXY_VOLUME UNITY_LIGHTMAP_FULL_HDR ok=1
Cmd: compileSnippet
  api=4 type=1 insize=1878 outsize=778 kw= pd=UNITY_ENABLE_REFLECTION_BUFFERS UNITY_USE_DITHER_MASK_FOR_ALPHABLENDED_SHADOWS UNITY_PBS_USE_BRDF1 UNITY_SPECCUBE_BOX_PROJECTION UNITY_SPECCUBE_BLENDING UNITY_ENABLE_DETAIL_NORMALMAP SHADER_API_DESKTOP UNITY_COLORSPACE_GAMMA UNITY_LIGHT_PROBE_PROXY_VOLUME UNITY_LIGHTMAP_FULL_HDR ok=1
Cmd: compileSnippet
  api=4 type=0 insize=1842 outsize=1082 kw= pd=UNITY_ENABLE_REFLECTION_BUFFERS UNITY_USE_DITHER_MASK_FOR_ALPHABLENDED_SHADOWS UNITY_PBS_USE_BRDF1 UNITY_SPECCUBE_BOX_PROJECTION UNITY_SPECCUBE_BLENDING UNITY_ENABLE_DETAIL_NORMALMAP SHADER_API_DESKTOP UNITY_COLORSPACE_GAMMA UNITY_LIGHT_PROBE_PROXY_VOLUME UNITY_LIGHTMAP_FULL_HDR ok=1
Cmd: compileSnippet
  api=4 type=1 insize=1842 outsize=798 kw= pd=UNITY_ENABLE_REFLECTION_BUFFERS UNITY_USE_DITHER_MASK_FOR_ALPHABLENDED_SHADOWS UNITY_PBS_USE_BRDF1 UNITY_SPECCUBE_BOX_PROJECTION UNITY_SPECCUBE_BLENDING UNITY_ENABLE_DETAIL_NORMALMAP SHADER_API_DESKTOP UNITY_COLORSPACE_GAMMA UNITY_LIGHT_PROBE_PROXY_VOLUME UNITY_LIGHTMAP_FULL_HDR ok=1
Cmd: compileSnippet
  api=4 type=0 insize=1842 outsize=1082 kw= pd=UNITY_ENABLE_REFLECTION_BUFFERS UNITY_USE_DITHER_MASK_FOR_ALPHABLENDED_SHADOWS UNITY_PBS_USE_BRDF1 UNITY_SPECCUBE_BOX_PROJECTION UNITY_SPECCUBE_BLENDING UNITY_ENABLE_DETAIL_NORMALMAP SHADER_API_DESKTOP UNITY_COLORSPACE_GAMMA UNITY_LIGHT_PROBE_PROXY_VOLUME UNITY_LIGHTMAP_FULL_HDR ok=1
Cmd: compileSnippet
  api=4 type=1 insize=1842 outsize=798 kw= pd=UNITY_ENABLE_REFLECTION_BUFFERS UNITY_USE_DITHER_MASK_FOR_ALPHABLENDED_SHADOWS UNITY_PBS_USE_BRDF1 UNITY_SPECCUBE_BOX_PROJECTION UNITY_SPECCUBE_BLENDING UNITY_ENABLE_DETAIL_NORMALMAP SHADER_API_DESKTOP UNITY_COLORSPACE_GAMMA UNITY_LIGHT_PROBE_PROXY_VOLUME UNITY_LIGHTMAP_FULL_HDR ok=1
Cmd: compileSnippet
  api=4 type=0 insize=1701 outsize=1094 kw= pd=UNITY_ENABLE_REFLECTION_BUFFERS UNITY_USE_DITHER_MASK_FOR_ALPHABLENDED_SHADOWS UNITY_PBS_USE_BRDF1 UNITY_SPECCUBE_BOX_PROJECTION UNITY_SPECCUBE_BLENDING UNITY_ENABLE_DETAIL_NORMALMAP SHADER_API_DESKTOP UNITY_COLORSPACE_GAMMA UNITY_LIGHT_PROBE_PROXY_VOLUME UNITY_LIGHTMAP_FULL_HDR ok=1
Cmd: compileSnippet
  api=4 type=1 insize=1701 outsize=522 kw= pd=UNITY_ENABLE_REFLECTION_BUFFERS UNITY_USE_DITHER_MASK_FOR_ALPHABLENDED_SHADOWS UNITY_PBS_USE_BRDF1 UNITY_SPECCUBE_BOX_PROJECTION UNITY_SPECCUBE_BLENDING UNITY_ENABLE_DETAIL_NORMALMAP SHADER_API_DESKTOP UNITY_COLORSPACE_GAMMA UNITY_LIGHT_PROBE_PROXY_VOLUME UNITY_LIGHTMAP_FULL_HDR ok=1
Cmd: compileSnippet
  api=4 type=0 insize=1701 outsize=1094 kw= pd=UNITY_ENABLE_REFLECTION_BUFFERS UNITY_USE_DITHER_MASK_FOR_ALPHABLENDED_SHADOWS UNITY_PBS_USE_BRDF1 UNITY_SPECCUBE_BOX_PROJECTION UNITY_SPECCUBE_BLENDING UNITY_ENABLE_DETAIL_NORMALMAP SHADER_API_DESKTOP UNITY_COLORSPACE_GAMMA UNITY_LIGHT_PROBE_PROXY_VOLUME UNITY_LIGHTMAP_FULL_HDR ok=1
Cmd: compileSnippet
  api=4 type=1 insize=1701 outsize=522 kw= pd=UNITY_ENABLE_REFLECTION_BUFFERS UNITY_USE_DITHER_MASK_FOR_ALPHABLENDED_SHADOWS UNITY_PBS_USE_BRDF1 UNITY_SPECCUBE_BOX_PROJECTION UNITY_SPECCUBE_BLENDING UNITY_ENABLE_DETAIL_NORMALMAP SHADER_API_DESKTOP UNITY_COLORSPACE_GAMMA UNITY_LIGHT_PROBE_PROXY_VOLUME UNITY_LIGHTMAP_FULL_HDR ok=1
Cmd: compileSnippet
  api=4 type=0 insize=4024 outsize=1242 kw= pd=UNITY_ENABLE_REFLECTION_BUFFERS UNITY_USE_DITHER_MASK_FOR_ALPHABLENDED_SHADOWS UNITY_PBS_USE_BRDF1 UNITY_SPECCUBE_BOX_PROJECTION UNITY_SPECCUBE_BLENDING UNITY_ENABLE_DETAIL_NORMALMAP SHADER_API_DESKTOP UNITY_COLORSPACE_GAMMA UNITY_LIGHT_PROBE_PROXY_VOLUME UNITY_LIGHTMAP_FULL_HDR ok=1
Cmd: compileSnippet
  api=4 type=1 insize=4024 outsize=978 kw= pd=UNITY_ENABLE_REFLECTION_BUFFERS UNITY_USE_DITHER_MASK_FOR_ALPHABLENDED_SHADOWS UNITY_PBS_USE_BRDF1 UNITY_SPECCUBE_BOX_PROJECTION UNITY_SPECCUBE_BLENDING UNITY_ENABLE_DETAIL_NORMALMAP SHADER_API_DESKTOP UNITY_COLORSPACE_GAMMA UNITY_LIGHT_PROBE_PROXY_VOLUME UNITY_LIGHTMAP_FULL_HDR ok=1
Cmd: preprocessCompute
  insize=1102 outsize=1105 ok=1
Cmd: preprocessCompute
  insize=1300 outsize=1303 ok=1
Cmd: translateComputeKernel
  api=14 insize=1728 outsize=1884 ok=1
Cmd: preprocessCompute
  insize=1327 outsize=1332 ok=1
Cmd: translateComputeKernel
  api=14 insize=807 outsize=878 ok=1
Cmd: preprocessCompute
  insize=1345 outsize=1350 ok=1
Cmd: translateComputeKernel
  api=14 insize=1506 outsize=1412 ok=1
Cmd: preprocessCompute
  insize=1335 outsize=1340 ok=1
Cmd: translateComputeKernel
  api=14 insize=1506 outsize=1412 ok=1
Cmd: preprocessCompute
  insize=1329 outsize=1334 ok=1
Cmd: compileComputeKernel
  api=14 insize=1334 outsize=754 ok=1
Cmd: translateComputeKernel
  api=14 insize=1558 outsize=1961 ok=1
Cmd: preprocessCompute
  insize=1321 outsize=1326 ok=1
Cmd: translateComputeKernel
  api=14 insize=1506 outsize=1412 ok=1
Cmd: preprocessCompute
  insize=1318 outsize=1323 ok=1
Cmd: translateComputeKernel
  api=14 insize=1506 outsize=1412 ok=1
Cmd: preprocessCompute
  insize=1348 outsize=1353 ok=1
Cmd: compileComputeKernel
  api=4 insize=1353 outsize=322 ok=1
Cmd: preprocessCompute
  insize=1325 outsize=1330 ok=1
Cmd: translateComputeKernel
  api=14 insize=1526 outsize=1413 ok=1
Cmd: preprocessCompute
  insize=1328 outsize=1333 ok=1
Cmd: translateComputeKernel
  api=14 insize=1530 outsize=1413 ok=1
Cmd: preprocessCompute
  insize=1318 outsize=1323 ok=1
Cmd: translateComputeKernel
  api=14 insize=1514 outsize=1412 ok=1
Cmd: preprocessCompute
  insize=1369 outsize=1374 ok=1
Cmd: translateComputeKernel
  api=14 insize=1514 outsize=1412 ok=1
Cmd: preprocessCompute
  insize=1369 outsize=1374 ok=1
Cmd: translateComputeKernel
  api=14 insize=1514 outsize=1412 ok=1
Cmd: preprocessCompute
  insize=1369 outsize=1374 ok=1
Cmd: preprocessCompute
  insize=1384 outsize=1389 ok=1
Cmd: preprocessCompute
  insize=1424 outsize=1429 ok=1
Cmd: preprocessCompute
  insize=1416 outsize=1421 ok=1
Cmd: translateComputeKernel
  api=14 insize=1514 outsize=1412 ok=1
Cmd: preprocessCompute
  insize=1423 outsize=1428 ok=1
Cmd: preprocessCompute
  insize=1425 outsize=1430 ok=1
Cmd: translateComputeKernel
  api=14 insize=1566 outsize=1961 ok=1
Cmd: preprocessCompute
  insize=1470 outsize=1475 ok=1
Cmd: translateComputeKernel
  api=14 insize=1514 outsize=1412 ok=1
Cmd: preprocessCompute
  insize=1472 outsize=1477 ok=1
Cmd: translateComputeKernel
  api=14 insize=1514 outsize=1412 ok=1
Cmd: preprocessCompute
  insize=1476 outsize=1481 ok=1
Cmd: translateComputeKernel
  api=14 insize=1514 outsize=1412 ok=1
Cmd: preprocessCompute
  insize=1468 outsize=1473 ok=1
Cmd: compileComputeKernel
  api=4 insize=1473 outsize=614 ok=1
Cmd: translateComputeKernel
  api=14 insize=1514 outsize=1412 ok=1
Cmd: preprocessCompute
  insize=1472 outsize=1477 ok=1
Cmd: translateComputeKernel
  api=14 insize=1566 outsize=1961 ok=1
Cmd: preprocessCompute
  insize=1470 outsize=1475 ok=1
Cmd: translateComputeKernel
  api=14 insize=1514 outsize=1412 ok=1
Cmd: preprocessCompute
  insize=1470 outsize=1475 ok=1
Cmd: compileComputeKernel
  api=4 insize=1475 outsize=614 ok=1
Cmd: translateComputeKernel
  api=14 insize=1514 outsize=1412 ok=1
Cmd: preprocessCompute
  insize=1460 outsize=1465 ok=1
Cmd: compileComputeKernel
  api=4 insize=1465 outsize=322 ok=1
Cmd: translateComputeKernel
  api=14 insize=1788 outsize=2116 ok=1
Cmd: preprocessCompute
  insize=1466 outsize=1471 ok=1
Cmd: compileComputeKernel
  api=4 insize=1471 outsize=322 ok=1
Cmd: translateComputeKernel
  api=14 insize=1514 outsize=1412 ok=1
Cmd: preprocessCompute
  insize=1467 outsize=1472 ok=1
Cmd: compileComputeKernel
  api=4 insize=1472 outsize=322 ok=1
Cmd: translateComputeKernel
  api=14 insize=1514 outsize=1412 ok=1
Cmd: preprocessCompute
  insize=1461 outsize=1466 ok=1
Cmd: translateComputeKernel
  api=14 insize=1514 outsize=1412 ok=1
Cmd: preprocessCompute
  insize=1455 outsize=1460 ok=1
Cmd: compileComputeKernel
  api=4 insize=1460 outsize=816 ok=1
Cmd: preprocessCompute
  insize=1453 outsize=1458 ok=1
Cmd: translateComputeKernel
  api=14 insize=1514 outsize=1412 ok=1
Cmd: preprocessCompute
  insize=1463 outsize=1468 ok=1
Cmd: translateComputeKernel
  api=14 insize=1514 outsize=1412 ok=1
Cmd: preprocessCompute
  insize=1453 outsize=1458 ok=1
Cmd: preprocessCompute
  insize=1455 outsize=1460 ok=1
Cmd: compileComputeKernel
  api=4 insize=1460 outsize=816 ok=1
Cmd: translateComputeKernel
  api=14 insize=552 outsize=305 ok=1
Cmd: preprocessCompute
  insize=1473 outsize=1478 ok=1
Cmd: translateComputeKernel
  api=14 insize=1514 outsize=1412 ok=1
Cmd: preprocessCompute
  insize=1473 outsize=1478 ok=1
Cmd: compileComputeKernel
  api=4 insize=1478 outsize=614 ok=1
Cmd: translateComputeKernel
  api=14 insize=1514 outsize=1412 ok=1
Cmd: preprocessCompute
  insize=1473 outsize=1478 ok=1
Cmd: preprocessCompute
  insize=1473 outsize=1478 ok=1
Cmd: compileComputeKernel
  api=4 insize=1478 outsize=322 ok=1
Cmd: translateComputeKernel
  api=14 insize=1514 outsize=1412 ok=1
Cmd: preprocessCompute
  insize=1477 outsize=1482 ok=1
Cmd: compileComputeKernel
  api=4 insize=1482 outsize=322 ok=1
Cmd: translateComputeKernel
  api=14 insize=1518 outsize=1427 ok=1
Cmd: preprocessCompute
  insize=1473 outsize=1478 ok=1
Cmd: preprocessCompute
  insize=1473 outsize=1478 ok=1
Cmd: translateComputeKernel
  api=14 insize=1514 outsize=1438 ok=1
Cmd: preprocessCompute
  insize=1473 outsize=1478 ok=1
Cmd: preprocessCompute
  insize=1457 outsize=1462 ok=1
Cmd: preprocessCompute
  insize=1473 outsize=1478 ok=1
Cmd: compileComputeKernel
  api=4 insize=1478 outsize=322 ok=1
Cmd: translateComputeKernel
  api=14 insize=1514 outsize=1412 ok=1
Cmd: preprocessCompute
  insize=1461 outsize=1466 ok=1
Cmd: translateComputeKernel
  api=14 insize=1514 outsize=1412 ok=1
Cmd: preprocessCompute
  insize=1462 outsize=1467 ok=1
Cmd: compileComputeKernel
  api=4 insize=1467 outsize=322 ok=1
Cmd: translateComputeKernel
  api=14 insize=1514 outsize=1412 ok=1
Cmd: preprocessCompute
  insize=1473 outsize=1478 ok=1
Cmd: compileComputeKernel
  error: 2 plat 14 at Pixel.compute(47): undeclared identifier 'move'
  api=14 insize=1478 outsize=0 ok=0
Cmd: preprocessCompute
  insize=1477 outsize=1482 ok=1
Cmd: preprocessCompute
  insize=1485 outsize=1490 ok=1
Cmd: translateComputeKernel
  api=14 insize=1514 outsize=1412 ok=1
Cmd: preprocessCompute
  insize=1477 outsize=1482 ok=1
Cmd: preprocessCompute
  insize=1649 outsize=1654 ok=1
Cmd: translateComputeKernel
  api=14 insize=1514 outsize=1412 ok=1
Cmd: preprocessCompute
  insize=1703 outsize=1708 ok=1
Cmd: preprocessCompute
  insize=1709 outsize=1714 ok=1
Cmd: preprocessCompute
  insize=1723 outsize=1728 ok=1
Cmd: compileComputeKernel
  api=4 insize=1728 outsize=322 ok=1
Cmd: translateComputeKernel
  api=14 insize=1698 outsize=1525 ok=1
Cmd: preprocessCompute
  insize=1734 outsize=1739 ok=1
Cmd: translateComputeKernel
  api=14 insize=1698 outsize=1525 ok=1
Cmd: preprocessCompute
  insize=1849 outsize=1854 ok=1
Cmd: compileComputeKernel
  api=4 insize=1854 outsize=322 ok=1
Cmd: translateComputeKernel
  api=14 insize=1698 outsize=1525 ok=1
Cmd: preprocessCompute
  insize=1875 outsize=1880 ok=1
Cmd: translateComputeKernel
  api=14 insize=1698 outsize=1525 ok=1
Cmd: preprocessCompute
  insize=1949 outsize=1954 ok=1
Cmd: translateComputeKernel
  api=14 insize=1698 outsize=1525 ok=1
Cmd: preprocessCompute
  insize=2134 outsize=2139 ok=1
Cmd: compileComputeKernel
  api=4 insize=2139 outsize=614 ok=1
Cmd: translateComputeKernel
  api=14 insize=1698 outsize=1525 ok=1
Cmd: preprocessCompute
  insize=2439 outsize=2444 ok=1
Cmd: preprocessCompute
  insize=2431 outsize=2436 ok=1
Cmd: preprocessCompute
  insize=2448 outsize=2453 ok=1
Cmd: translateComputeKernel
  api=14 insize=1698 outsize=1525 ok=1
Cmd: preprocessCompute
  insize=2450 outsize=2455 ok=1
Cmd: translateComputeKernel
  api=14 insize=1698 outsize=1525 ok=1
Cmd: preprocessCompute
  insize=2452 outsize=2457 ok=1
Cmd: translateComputeKernel
  api=14 insize=843 outsize=878 ok=1
Cmd: preprocessCompute
  insize=2459 outsize=2464 ok=1
Cmd: compileComputeKernel
  api=4 insize=2464 outsize=322 ok=1
Cmd: translateComputeKernel
  api=14 insize=1698 outsize=1525 ok=1
Cmd: preprocessCompute
  insize=2435 outsize=2440 ok=1
Cmd: translateComputeKernel
  api=14 insize=1698 outsize=1525 ok=1
Cmd: preprocessCompute
  insize=2435 outsize=2440 ok=1
Cmd: compileComputeKernel
  api=4 insize=2440 outsize=322 ok=1
Cmd: translateComputeKernel
  api=14 insize=1698 outsize=1525 ok=1
Cmd: preprocessCompute
  insize=2428 outsize=2433 ok=1
Cmd: translateComputeKernel
  api=14 insize=1698 outsize=1525 ok=1
Cmd: preprocessCompute
  insize=2430 outsize=2435 ok=1
Cmd: translateComputeKernel
  api=14 insize=843 outsize=878 ok=1
Cmd: preprocessCompute
  insize=2430 outsize=2435 ok=1
Cmd: translateComputeKernel
  api=14 insize=1710 outsize=2019 ok=1
Cmd: preprocessCompute
  insize=2951 outsize=2956 ok=1
Cmd: translateComputeKernel
  api=14 insize=1698 outsize=1525 ok=1
Cmd: preprocessCompute
  insize=3538 outsize=3543 ok=1
Cmd: preprocessCompute
  insize=3546 outsize=3551 ok=1
Cmd: compileComputeKernel
  api=4 insize=3551 outsize=322 ok=1
Cmd: translateComputeKernel
  api=14 insize=1790 outsize=1525 ok=1
Cmd: preprocessCompute
  insize=3439 outsize=3444 ok=1
Cmd: translateComputeKernel
  api=14 insize=1790 outsize=1525 ok=1
Cmd: preprocessCompute
  insize=3441 outsize=3446 ok=1
Cmd: translateComputeKernel
  api=14 insize=1790 outsize=1525 ok=1
Cmd: preprocessCompute
  insize=3459 outsize=3464 ok=1
Cmd: compileComputeKernel
  api=4 insize=3464 outsize=322 ok=1
Cmd: translateComputeKernel
  api=14 insize=1790 outsize=1525 ok=1
Cmd: preprocessCompute
  insize=3459 outsize=3464 ok=1
Cmd: compileComputeKernel
  api=4 insize=3464 outsize=322 ok=1
Cmd: translateComputeKernel
  api=14 insize=1790 outsize=1525 ok=1
Cmd: preprocessCompute
  insize=3461 outsize=3466 ok=1
Cmd: translateComputeKernel
  api=14 insize=1790 outsize=1525 ok=1
Cmd: preprocessCompute
  insize=3481 outsize=3486 ok=1
Cmd: translateComputeKernel
  api=14 insize=1790 outsize=1525 ok=1
Cmd: preprocessCompute
  insize=3424 outsize=3429 ok=1
Cmd: compileComputeKernel
  api=4 insize=3429 outsize=614 ok=1
Cmd: translateComputeKernel
  api=14 insize=1802 outsize=2019 ok=1
Cmd: preprocessCompute
  insize=3424 outsize=3429 ok=1
Cmd: translateComputeKernel
  api=14 insize=1790 outsize=1525 ok=1
Cmd: preprocessCompute
  insize=3424 outsize=3429 ok=1
Cmd: preprocessCompute
  insize=3442 outsize=3447 ok=1
Cmd: compileComputeKernel
  api=4 insize=3447 outsize=2511 ok=1
Cmd: preprocessCompute
  insize=3446 outsize=3451 ok=1
Cmd: compileComputeKernel
  api=4 insize=3451 outsize=614 ok=1
Cmd: translateComputeKernel
  api=14 insize=2434 outsize=2600 ok=1
Cmd: preprocessCompute
  insize=3612 outsize=3617 ok=1
Cmd: translateComputeKernel
  api=14 insize=2434 outsize=2600 ok=1
Cmd: preprocessCompute
  insize=3588 outsize=3593 ok=1
Cmd: translateComputeKernel
  api=14 insize=2434 outsize=2600 ok=1
Cmd: preprocessCompute
  insize=3885 outsize=3890 ok=1
Cmd: compileComputeKernel
  api=4 insize=3890 outsize=322 ok=1
Cmd: translateComputeKernel
  api=14 insize=2434 outsize=2600 ok=1
Cmd: preprocessCompute
  insize=3885 outsize=3890 ok=1
Cmd: translateComputeKernel
  api=14 insize=843 outsize=878 ok=1
Cmd: preprocessCompute
  insize=3885 outsize=3890 ok=1
Cmd: compileComputeKernel
  api=4 insize=3890 outsize=322 ok=1
Cmd: translateComputeKernel
  api=14 insize=4416 outsize=6218 ok=1
Cmd: preprocessCompute
  insize=3885 outsize=3890 ok=1
Cmd: preprocessCompute
  insize=3885 outsize=3890 ok=1
Cmd: compileComputeKernel
  api=4 insize=3890 outsize=322 ok=1
Cmd: translateComputeKernel
  api=14 insize=2434 outsize=2600 ok=1
Cmd: preprocessCompute
  insize=3884 outsize=3889 ok=1
Cmd: compileComputeKernel
  api=4 insize=3889 outsize=614 ok=1
Cmd: preprocessCompute
  insize=3884 outsize=3889 ok=1
Cmd: compileComputeKernel
  api=4 insize=3889 outsize=614 ok=1
Cmd: translateComputeKernel
  api=14 insize=2434 outsize=2600 ok=1
Cmd: preprocessCompute
  insize=3977 outsize=3982 ok=1
Cmd: translateComputeKernel
  api=14 insize=2434 outsize=2600 ok=1
Cmd: preprocessCompute
  insize=4302 outsize=4307 ok=1
Cmd: compileComputeKernel
  error: 2 plat 4 at Pixel.compute(126): undeclared identifier 'moveY'
  api=4 insize=4307 outsize=0 ok=0
Cmd: preprocessCompute
  insize=4302 outsize=4307 ok=1
Cmd: compileComputeKernel
  api=4 insize=4307 outsize=322 ok=1
Cmd: translateComputeKernel
  api=14 insize=1802 outsize=2019 ok=1
Cmd: preprocessCompute
  insize=4302 outsize=4307 ok=1
Cmd: compileComputeKernel
  error: 2 plat 4 at Pixel.compute(126): undeclared identifier 'moveX3'
  api=4 insize=4307 outsize=0 ok=0
Cmd: preprocessCompute
  insize=4334 outsize=4339 ok=1
Cmd: compileComputeKernel
  api=4 insize=4339 outsize=322 ok=1
Cmd: translateComputeKernel
  api=14 insize=2434 outsize=2600 ok=1
Cmd: preprocessCompute
  insize=4333 outsize=4338 ok=1
Cmd: translateComputeKernel
  api=14 insize=2434 outsize=2600 ok=1
Cmd: preprocessCompute
  insize=5054 outsize=5059 ok=1
Cmd: preprocessCompute
  insize=5038 outsize=5043 ok=1
Cmd: compileComputeKernel
  error: 2 plat 4 at Pixel.compute(128): redefinition of 'canMove'
  api=4 insize=5043 outsize=0 ok=0
Cmd: preprocessCompute
  insize=5030 outsize=5035 ok=1
Cmd: preprocessCompute
  insize=5034 outsize=5039 ok=1
Cmd: preprocessCompute
  insize=5039 outsize=5044 ok=1
Cmd: preprocessCompute
  insize=5043 outsize=5048 ok=1
Cmd: translateComputeKernel
  api=14 insize=4588 outsize=6398 ok=1
Cmd: preprocessCompute
  insize=5039 outsize=5044 ok=1
Cmd: compileComputeKernel
  api=4 insize=5044 outsize=322 ok=1
Cmd: translateComputeKernel
  api=14 insize=4588 outsize=6398 ok=1
Cmd: preprocessCompute
  insize=5045 outsize=5050 ok=1
Cmd: translateComputeKernel
  api=14 insize=4480 outsize=6213 ok=1
Cmd: preprocessCompute
  insize=5040 outsize=5045 ok=1
Cmd: compileComputeKernel
  api=4 insize=5045 outsize=322 ok=1
Cmd: translateComputeKernel
  api=14 insize=2434 outsize=2600 ok=1
Cmd: preprocessCompute
  insize=5040 outsize=5045 ok=1
Cmd: translateComputeKernel
  api=14 insize=2434 outsize=2600 ok=1
Cmd: preprocessCompute
  insize=5040 outsize=5045 ok=1
Cmd: translateComputeKernel
  api=14 insize=2434 outsize=2600 ok=1
Cmd: preprocessCompute
  insize=5042 outsize=5047 ok=1
Cmd: preprocessCompute
  insize=5052 outsize=5057 ok=1
Cmd: translateComputeKernel
  api=14 insize=2434 outsize=2600 ok=1
Cmd: preprocessCompute
  insize=5050 outsize=5055 ok=1
Cmd: translateComputeKernel
  api=14 insize=2434 outsize=2600 ok=1
Cmd: preprocessCompute
  insize=5048 outsize=5053 ok=1
Cmd: preprocessCompute
  insize=5050 outsize=5055 ok=1
Cmd: translateComputeKernel
  api=14 insize=2434 outsize=2600 ok=1
