Base path: 'C:/Program Files/Unity/Hub/Editor/2019.3.0a4/Editor/Data', plugins path 'C:/Program Files/Unity/Hub/Editor/2019.3.0a4/Editor/Data/PlaybackEngines'
Cmd: initializeCompiler
Cmd: compileComputeKernel
  api=4 insize=916 outsize=407 ok=1
Cmd: compileComputeKernel
  error: 2 plat 14 at Pixel.compute(35): undeclared identifier 'particleGrid'
  api=14 insize=1105 outsize=0 ok=0
Cmd: compileComputeKernel
  api=14 insize=1332 outsize=1558 ok=1
Cmd: compileComputeKernel
  api=14 insize=1350 outsize=1558 ok=1
Cmd: translateComputeKernel
  api=14 insize=1558 outsize=1961 ok=1
Cmd: compileComputeKernel
  api=4 insize=1334 outsize=407 ok=1
Cmd: compileComputeKernel
  api=4 insize=1323 outsize=322 ok=1
Cmd: translateComputeKernel
  api=14 insize=807 outsize=878 ok=1
Cmd: compileComputeKernel
  api=4 insize=1333 outsize=566 ok=1
Cmd: compileComputeKernel
  api=14 insize=1323 outsize=1514 ok=1
Cmd: compileComputeKernel
  api=4 insize=1374 outsize=566 ok=1
Cmd: compileComputeKernel
  error: 2 plat 14 at Pixel.compute(46): undeclared identifier 'properties'
  api=14 insize=1389 outsize=0 ok=0
Cmd: translateComputeKernel
  api=14 insize=807 outsize=878 ok=1
Cmd: compileComputeKernel
  api=4 insize=1421 outsize=322 ok=1
Cmd: translateComputeKernel
  api=14 insize=1566 outsize=1961 ok=1
Cmd: compileComputeKernel
  api=4 insize=1428 outsize=566 ok=1
Cmd: translateComputeKernel
  api=14 insize=807 outsize=878 ok=1
Cmd: compileComputeKernel
  api=14 insize=1475 outsize=1514 ok=1
Cmd: translateComputeKernel
  api=14 insize=807 outsize=878 ok=1
Cmd: translateComputeKernel
  api=14 insize=1788 outsize=2116 ok=1
Cmd: compileComputeKernel
  api=14 insize=1473 outsize=1514 ok=1
Cmd: compileComputeKernel
  api=14 insize=1477 outsize=1566 ok=1
Cmd: compileComputeKernel
  api=4 insize=1475 outsize=840 ok=1
Cmd: translateComputeKernel
  api=14 insize=807 outsize=878 ok=1
Cmd: compileComputeKernel
  api=14 insize=1465 outsize=1566 ok=1
Cmd: translateComputeKernel
  api=14 insize=807 outsize=878 ok=1
Cmd: compileComputeKernel
  api=4 insize=1471 outsize=566 ok=1
Cmd: compileComputeKernel
  api=14 insize=1472 outsize=1792 ok=1
Cmd: compileComputeKernel
  api=4 insize=1466 outsize=566 ok=1
Cmd: translateComputeKernel
  api=14 insize=1566 outsize=1961 ok=1
Cmd: compileComputeKernel
  api=14 insize=1468 outsize=1566 ok=1
Cmd: compileComputeKernel
  api=4 insize=1460 outsize=322 ok=1
Cmd: compileComputeKernel
  api=14 insize=1478 outsize=1566 ok=1
Cmd: translateComputeKernel
  api=14 insize=1566 outsize=1961 ok=1
Cmd: compileComputeKernel
  api=14 insize=1478 outsize=1566 ok=1
Cmd: translateComputeKernel
  api=14 insize=1566 outsize=1961 ok=1
Cmd: compileComputeKernel
  api=4 insize=1478 outsize=614 ok=1
Cmd: compileComputeKernel
  api=14 insize=1478 outsize=1566 ok=1
Cmd: compileComputeKernel
  api=4 insize=1478 outsize=614 ok=1
Cmd: compileComputeKernel
  error: 2 plat 4 at Pixel.compute(47): undeclared identifier 'move'
  api=4 insize=1462 outsize=0 ok=0
Cmd: compileComputeKernel
  api=4 insize=1478 outsize=614 ok=1
Cmd: compileComputeKernel
  api=14 insize=1466 outsize=1566 ok=1
Cmd: compileComputeKernel
  api=14 insize=1467 outsize=754 ok=1
Cmd: translateComputeKernel
  api=14 insize=807 outsize=878 ok=1
Cmd: compileComputeKernel
  error: 2 plat 14 at Pixel.compute(47): undeclared identifier 'move'
  api=14 insize=1478 outsize=0 ok=0
Cmd: compileComputeKernel
  api=14 insize=1482 outsize=1566 ok=1
Cmd: translateComputeKernel
  api=14 insize=1764 outsize=2075 ok=1
Cmd: compileComputeKernel
  api=14 insize=1490 outsize=1792 ok=1
Cmd: compileComputeKernel
  api=14 insize=1654 outsize=1514 ok=1
Cmd: compileComputeKernel
  error: 2 plat 4 at Pixel.compute(56): undeclared identifier 'move'
  api=4 insize=1714 outsize=0 ok=0
Cmd: compileComputeKernel
  api=14 insize=1739 outsize=1674 ok=1
Cmd: compileComputeKernel
  api=4 insize=1954 outsize=322 ok=1
Cmd: translateComputeKernel
  api=14 insize=2352 outsize=2853 ok=1
Cmd: compileComputeKernel
  api=14 insize=2139 outsize=1669 ok=1
Cmd: compileComputeKernel
  error: 2 plat 14 at Pixel.compute(65): redefinition of 'l'
  api=14 insize=2444 outsize=0 ok=0
Cmd: compileComputeKernel
  error: 2 plat 4 at Pixel.compute(71): undeclared identifier 'moveX'
  api=4 insize=2436 outsize=0 ok=0
Cmd: compileComputeKernel
  api=4 insize=2453 outsize=614 ok=1
Cmd: compileComputeKernel
  api=4 insize=2455 outsize=322 ok=1
Cmd: translateComputeKernel
  api=14 insize=843 outsize=878 ok=1
Cmd: compileComputeKernel
  api=4 insize=2433 outsize=613 ok=1
Cmd: compileComputeKernel
  api=14 insize=2435 outsize=2647 ok=1
Cmd: compileComputeKernel
  api=14 insize=2435 outsize=754 ok=1
Cmd: compileComputeKernel
  api=4 insize=2956 outsize=613 ok=1
Cmd: compileComputeKernel
  error: 2 plat 14 at Pixel.compute(35): undeclared identifier 'rng_state'
  api=14 insize=3543 outsize=0 ok=0
Cmd: compileComputeKernel
  error: 2 plat 4 at Pixel.compute(35): undeclared identifier 'rng_state'
  api=4 insize=3543 outsize=0 ok=0
Cmd: compileComputeKernel
  api=4 insize=3551 outsize=613 ok=1
Cmd: translateComputeKernel
  api=14 insize=2864 outsize=3569 ok=1
Cmd: compileComputeKernel
  api=14 insize=3444 outsize=754 ok=1
Cmd: compileComputeKernel
  api=4 insize=3446 outsize=613 ok=1
Cmd: compileComputeKernel
  api=14 insize=3464 outsize=1766 ok=1
Cmd: compileComputeKernel
  api=4 insize=3464 outsize=1951 ok=1
Cmd: compileComputeKernel
  api=14 insize=3466 outsize=1766 ok=1
Cmd: translateComputeKernel
  api=14 insize=1802 outsize=2019 ok=1
Cmd: compileComputeKernel
  api=4 insize=3486 outsize=2511 ok=1
Cmd: translateComputeKernel
  api=14 insize=3688 outsize=5022 ok=1
Cmd: compileComputeKernel
  api=14 insize=3447 outsize=754 ok=1
Cmd: compileComputeKernel
  api=4 insize=3451 outsize=322 ok=1
Cmd: translateComputeKernel
  api=14 insize=843 outsize=878 ok=1
Cmd: compileComputeKernel
  api=14 insize=3617 outsize=1766 ok=1
Cmd: compileComputeKernel
  api=4 insize=3593 outsize=1257 ok=1
Cmd: compileComputeKernel
  api=14 insize=3890 outsize=754 ok=1
Cmd: translateComputeKernel
  api=14 insize=1802 outsize=2019 ok=1
Cmd: translateComputeKernel
  api=14 insize=4416 outsize=6218 ok=1
Cmd: compileComputeKernel
  api=4 insize=3889 outsize=1257 ok=1
Cmd: translateComputeKernel
  api=14 insize=2864 outsize=3569 ok=1
Cmd: compileComputeKernel
  api=4 insize=3982 outsize=3291 ok=1
Cmd: compileComputeKernel
  api=14 insize=4307 outsize=2405 ok=1
Cmd: translateComputeKernel
  api=14 insize=843 outsize=878 ok=1
Cmd: compileComputeKernel
  error: 2 plat 14 at Pixel.compute(126): undeclared identifier 'moveX3'
  api=14 insize=4307 outsize=0 ok=0
Cmd: translateComputeKernel
  api=14 insize=4560 outsize=6363 ok=1
Cmd: compileComputeKernel
  api=4 insize=4338 outsize=3571 ok=1
Cmd: translateComputeKernel
  api=14 insize=1802 outsize=2019 ok=1
Cmd: compileComputeKernel
  error: 2 plat 14 at Pixel.compute(128): redefinition of 'canMove'
  api=14 insize=5043 outsize=0 ok=0
Cmd: compileComputeKernel
  error: 2 plat 4 at Pixel.compute(113): undeclared identifier 'canMove'
  api=4 insize=5035 outsize=0 ok=0
Cmd: compileComputeKernel
  error: 2 plat 4 at Pixel.compute(113): undeclared identifier 'canMove'
  api=4 insize=5039 outsize=0 ok=0
Cmd: compileComputeKernel
  error: 2 plat 14 at Pixel.compute(113): undeclared identifier 'canMove'
  api=14 insize=5044 outsize=0 ok=0
Cmd: compileComputeKernel
  api=4 insize=5048 outsize=614 ok=1
Cmd: translateComputeKernel
  api=14 insize=1802 outsize=2019 ok=1
Cmd: compileComputeKernel
  api=4 insize=5044 outsize=614 ok=1
Cmd: compileComputeKernel
  api=4 insize=5045 outsize=3499 ok=1
Cmd: translateComputeKernel
  api=14 insize=843 outsize=878 ok=1
Cmd: compileComputeKernel
  error: 2 plat 14 at Pixel.compute(155): undeclared identifier 'moveY3'
  api=14 insize=5047 outsize=0 ok=0
Cmd: compileComputeKernel
  api=4 insize=5057 outsize=1257 ok=1
Cmd: compileComputeKernel
  api=14 insize=5053 outsize=1766 ok=1
Cmd: translateComputeKernel
  api=14 insize=1802 outsize=2019 ok=1
Cmd: compileComputeKernel
  api=4 insize=5055 outsize=3575 ok=1
Cmd: translateComputeKernel
  api=14 insize=1802 outsize=2019 ok=1
