Base path: 'C:/Program Files/Unity/Hub/Editor/2019.3.0a4/Editor/Data', plugins path 'C:/Program Files/Unity/Hub/Editor/2019.3.0a4/Editor/Data/PlaybackEngines'
Cmd: initializeCompiler
Cmd: compileComputeKernel
  api=14 insize=1303 outsize=1728 ok=1
Cmd: compileComputeKernel
  api=4 insize=1332 outsize=614 ok=1
Cmd: compileComputeKernel
  api=4 insize=1350 outsize=407 ok=1
Cmd: compileComputeKernel
  api=14 insize=1334 outsize=1047 ok=1
Cmd: translateComputeKernel
  api=14 insize=807 outsize=878 ok=1
Cmd: compileComputeKernel
  api=4 insize=1326 outsize=566 ok=1
Cmd: translateComputeKernel
  api=14 insize=807 outsize=878 ok=1
Cmd: compileComputeKernel
  api=14 insize=1323 outsize=1558 ok=1
Cmd: compileComputeKernel
  api=14 insize=1330 outsize=1578 ok=1
Cmd: compileComputeKernel
  api=14 insize=1333 outsize=754 ok=1
Cmd: compileComputeKernel
  api=4 insize=1374 outsize=614 ok=1
Cmd: compileComputeKernel
  api=14 insize=1374 outsize=754 ok=1
Cmd: compileComputeKernel
  error: 2 plat 14 at Pixel.compute(46): undeclared identifier 'properties'
  api=14 insize=1389 outsize=0 ok=0
Cmd: compileComputeKernel
  api=4 insize=1421 outsize=868 ok=1
Cmd: compileComputeKernel
  api=14 insize=1428 outsize=1816 ok=1
Cmd: compileComputeKernel
  api=14 insize=1430 outsize=1740 ok=1
Cmd: translateComputeKernel
  api=14 insize=1740 outsize=2013 ok=1
Cmd: translateComputeKernel
  api=14 insize=1800 outsize=2131 ok=1
Cmd: compileComputeKernel
  api=14 insize=1477 outsize=1788 ok=1
Cmd: compileComputeKernel
  api=14 insize=1481 outsize=754 ok=1
Cmd: compileComputeKernel
  api=14 insize=1473 outsize=1566 ok=1
Cmd: compileComputeKernel
  api=14 insize=1477 outsize=754 ok=1
Cmd: compileComputeKernel
  api=14 insize=1475 outsize=1788 ok=1
Cmd: compileComputeKernel
  api=14 insize=1475 outsize=1566 ok=1
Cmd: translateComputeKernel
  api=14 insize=1566 outsize=1961 ok=1
Cmd: compileComputeKernel
  api=4 insize=1471 outsize=868 ok=1
Cmd: compileComputeKernel
  api=14 insize=1472 outsize=1566 ok=1
Cmd: compileComputeKernel
  api=14 insize=1466 outsize=1764 ok=1
Cmd: translateComputeKernel
  api=14 insize=1764 outsize=2075 ok=1
Cmd: translateComputeKernel
  api=14 insize=1514 outsize=1412 ok=1
Cmd: compileComputeKernel
  api=14 insize=1458 outsize=1566 ok=1
Cmd: translateComputeKernel
  api=14 insize=1566 outsize=1961 ok=1
Cmd: compileComputeKernel
  api=14 insize=1478 outsize=1514 ok=1
Cmd: translateComputeKernel
  api=14 insize=807 outsize=878 ok=1
Cmd: compileComputeKernel
  api=14 insize=1478 outsize=1764 ok=1
Cmd: compileComputeKernel
  api=14 insize=1482 outsize=1764 ok=1
Cmd: translateComputeKernel
  api=14 insize=1764 outsize=2075 ok=1
Cmd: compileComputeKernel
  api=14 insize=1478 outsize=1514 ok=1
Cmd: translateComputeKernel
  api=14 insize=1514 outsize=1424 ok=1
Cmd: compileComputeKernel
  api=14 insize=1478 outsize=1514 ok=1
Cmd: compileComputeKernel
  api=14 insize=1478 outsize=1566 ok=1
Cmd: compileComputeKernel
  api=14 insize=1466 outsize=1514 ok=1
Cmd: compileComputeKernel
  api=14 insize=1467 outsize=1712 ok=1
Cmd: compileComputeKernel
  api=4 insize=1490 outsize=566 ok=1
Cmd: compileComputeKernel
  api=4 insize=1654 outsize=322 ok=1
Cmd: compileComputeKernel
  api=14 insize=1708 outsize=1674 ok=1
Cmd: compileComputeKernel
  error: 2 plat 14 at Pixel.compute(56): undeclared identifier 'move'
  api=14 insize=1714 outsize=0 ok=0
Cmd: compileComputeKernel
  api=4 insize=1728 outsize=467 ok=1
Cmd: translateComputeKernel
  api=14 insize=843 outsize=878 ok=1
Cmd: translateComputeKernel
  api=14 insize=1936 outsize=2171 ok=1
Cmd: compileComputeKernel
  api=14 insize=1854 outsize=1669 ok=1
Cmd: translateComputeKernel
  api=14 insize=1936 outsize=2171 ok=1
Cmd: translateComputeKernel
  api=14 insize=843 outsize=878 ok=1
Cmd: compileComputeKernel
  api=14 insize=1954 outsize=1669 ok=1
Cmd: translateComputeKernel
  api=14 insize=1710 outsize=2019 ok=1
Cmd: translateComputeKernel
  api=14 insize=843 outsize=878 ok=1
Cmd: compileComputeKernel
  api=4 insize=2453 outsize=322 ok=1
Cmd: translateComputeKernel
  api=14 insize=1710 outsize=2019 ok=1
Cmd: translateComputeKernel
  api=14 insize=1710 outsize=2019 ok=1
Cmd: compileComputeKernel
  api=14 insize=2457 outsize=1674 ok=1
Cmd: compileComputeKernel
  api=14 insize=2464 outsize=2571 ok=1
Cmd: compileComputeKernel
  api=14 insize=2440 outsize=1669 ok=1
Cmd: compileComputeKernel
  api=14 insize=2440 outsize=2415 ok=1
Cmd: compileComputeKernel
  api=4 insize=2433 outsize=322 ok=1
Cmd: translateComputeKernel
  api=14 insize=1710 outsize=2019 ok=1
Cmd: compileComputeKernel
  api=14 insize=2435 outsize=1669 ok=1
Cmd: compileComputeKernel
  api=14 insize=2435 outsize=1669 ok=1
Cmd: translateComputeKernel
  api=14 insize=843 outsize=878 ok=1
Cmd: compileComputeKernel
  api=4 insize=2956 outsize=322 ok=1
Cmd: translateComputeKernel
  api=14 insize=2772 outsize=3569 ok=1
Cmd: compileComputeKernel
  api=14 insize=3551 outsize=754 ok=1
Cmd: compileComputeKernel
  api=4 insize=3444 outsize=614 ok=1
Cmd: compileComputeKernel
  api=4 insize=3446 outsize=614 ok=1
Cmd: compileComputeKernel
  api=14 insize=3464 outsize=2715 ok=1
Cmd: translateComputeKernel
  api=14 insize=2744 outsize=3387 ok=1
Cmd: compileComputeKernel
  api=14 insize=3486 outsize=754 ok=1
Cmd: translateComputeKernel
  api=14 insize=1802 outsize=2019 ok=1
Cmd: compileComputeKernel
  api=14 insize=3429 outsize=1766 ok=1
Cmd: compileComputeKernel
  api=4 insize=3429 outsize=613 ok=1
Cmd: translateComputeKernel
  api=14 insize=1802 outsize=2019 ok=1
Cmd: translateComputeKernel
  api=14 insize=1802 outsize=2019 ok=1
Cmd: translateComputeKernel
  api=14 insize=843 outsize=878 ok=1
Cmd: compileComputeKernel
  api=4 insize=3593 outsize=614 ok=1
Cmd: compileComputeKernel
  api=14 insize=3890 outsize=754 ok=1
Cmd: compileComputeKernel
  api=4 insize=3890 outsize=3239 ok=1
Cmd: compileComputeKernel
  api=14 insize=3890 outsize=754 ok=1
Cmd: compileComputeKernel
  api=14 insize=3889 outsize=2405 ok=1
Cmd: translateComputeKernel
  api=14 insize=1802 outsize=2019 ok=1
Cmd: compileComputeKernel
  api=14 insize=3982 outsize=4439 ok=1
Cmd: compileComputeKernel
  error: 2 plat 14 at Pixel.compute(126): undeclared identifier 'moveY'
  api=14 insize=4307 outsize=0 ok=0
Cmd: compileComputeKernel
  error: 2 plat 4 at Pixel.compute(122): redefinition of 'r0'
  api=4 insize=5059 outsize=0 ok=0
Cmd: compileComputeKernel
  error: 2 plat 14 at Pixel.compute(128): redefinition of 'canMove'
  api=14 insize=5043 outsize=0 ok=0
Cmd: compileComputeKernel
  api=14 insize=5048 outsize=1766 ok=1
Cmd: translateComputeKernel
  api=14 insize=843 outsize=878 ok=1
Cmd: compileComputeKernel
  api=4 insize=5045 outsize=614 ok=1
Cmd: translateComputeKernel
  api=14 insize=843 outsize=878 ok=1
Cmd: translateComputeKernel
  api=14 insize=4444 outsize=6339 ok=1
Cmd: compileComputeKernel
  api=14 insize=5055 outsize=754 ok=1
Cmd: compileComputeKernel
  api=14 insize=5053 outsize=754 ok=1
Cmd: translateComputeKernel
  api=14 insize=4472 outsize=6394 ok=1
Cmd: compileComputeKernel
  api=14 insize=5055 outsize=4723 ok=1
