Base path: 'C:/Program Files/Unity/Hub/Editor/2019.3.0a4/Editor/Data', plugins path 'C:/Program Files/Unity/Hub/Editor/2019.3.0a4/Editor/Data/PlaybackEngines'
Cmd: initializeCompiler
Cmd: compileComputeKernel
  api=14 insize=916 outsize=754 ok=1
Cmd: translateComputeKernel
  api=14 insize=1542 outsize=1961 ok=1
Cmd: compileComputeKernel
  error: 2 plat 4 at Pixel.compute(35): undeclared identifier 'particleGrid'
  api=4 insize=1105 outsize=0 ok=0
Cmd: translateComputeKernel
  api=14 insize=1558 outsize=1961 ok=1
Cmd: compileComputeKernel
  api=4 insize=1340 outsize=322 ok=1
Cmd: compileComputeKernel
  api=4 insize=1326 outsize=614 ok=1
Cmd: compileComputeKernel
  api=4 insize=1323 outsize=467 ok=1
Cmd: translateComputeKernel
  api=14 insize=1160 outsize=1287 ok=1
Cmd: compileComputeKernel
  api=14 insize=1353 outsize=1171 ok=1
Cmd: translateComputeKernel
  api=14 insize=1224 outsize=1288 ok=1
Cmd: compileComputeKernel
  api=14 insize=1330 outsize=1127 ok=1
Cmd: translateComputeKernel
  api=14 insize=1578 outsize=1962 ok=1
Cmd: compileComputeKernel
  api=4 insize=1333 outsize=322 ok=1
Cmd: translateComputeKernel
  api=14 insize=1582 outsize=1962 ok=1
Cmd: compileComputeKernel
  api=4 insize=1323 outsize=322 ok=1
Cmd: translateComputeKernel
  api=14 insize=1566 outsize=1961 ok=1
Cmd: compileComputeKernel
  api=4 insize=1374 outsize=614 ok=1
Cmd: compileComputeKernel
  api=4 insize=1429 outsize=614 ok=1
Cmd: compileComputeKernel
  api=14 insize=1421 outsize=1816 ok=1
Cmd: compileComputeKernel
  api=14 insize=1428 outsize=1566 ok=1
Cmd: compileComputeKernel
  api=4 insize=1430 outsize=614 ok=1
Cmd: compileComputeKernel
  api=4 insize=1475 outsize=614 ok=1
Cmd: compileComputeKernel
  api=4 insize=1481 outsize=614 ok=1
Cmd: compileComputeKernel
  api=14 insize=1473 outsize=754 ok=1
Cmd: compileComputeKernel
  api=14 insize=1475 outsize=1514 ok=1
Cmd: compileComputeKernel
  api=14 insize=1465 outsize=754 ok=1
Cmd: translateComputeKernel
  api=14 insize=1566 outsize=1961 ok=1
Cmd: translateComputeKernel
  api=14 insize=1792 outsize=2106 ok=1
Cmd: compileComputeKernel
  api=14 insize=1466 outsize=754 ok=1
Cmd: compileComputeKernel
  api=4 insize=1458 outsize=816 ok=1
Cmd: compileComputeKernel
  api=4 insize=1468 outsize=844 ok=1
Cmd: compileComputeKernel
  api=14 insize=1460 outsize=754 ok=1
Cmd: compileComputeKernel
  api=4 insize=1478 outsize=614 ok=1
Cmd: compileComputeKernel
  api=4 insize=1478 outsize=816 ok=1
Cmd: compileComputeKernel
  api=14 insize=1482 outsize=1566 ok=1
Cmd: translateComputeKernel
  api=14 insize=1764 outsize=2075 ok=1
Cmd: compileComputeKernel
  api=14 insize=1478 outsize=1566 ok=1
Cmd: translateComputeKernel
  api=14 insize=807 outsize=878 ok=1
Cmd: compileComputeKernel
  api=4 insize=1478 outsize=768 ok=1
Cmd: compileComputeKernel
  api=14 insize=1466 outsize=1716 ok=1
Cmd: compileComputeKernel
  api=14 insize=1490 outsize=754 ok=1
Cmd: translateComputeKernel
  api=14 insize=1566 outsize=1961 ok=1
Cmd: compileComputeKernel
  api=4 insize=1654 outsize=816 ok=1
Cmd: compileComputeKernel
  api=4 insize=1708 outsize=614 ok=1
Cmd: translateComputeKernel
  api=14 insize=843 outsize=878 ok=1
Cmd: compileComputeKernel
  api=4 insize=1728 outsize=614 ok=1
Cmd: translateComputeKernel
  api=14 insize=1710 outsize=2019 ok=1
Cmd: compileComputeKernel
  api=4 insize=1854 outsize=613 ok=1
Cmd: compileComputeKernel
  api=14 insize=1880 outsize=754 ok=1
Cmd: translateComputeKernel
  api=14 insize=843 outsize=878 ok=1
Cmd: compileComputeKernel
  error: 2 plat 4 at Pixel.compute(65): redefinition of 'l'
  api=4 insize=2444 outsize=0 ok=0
Cmd: compileComputeKernel
  api=14 insize=2453 outsize=1669 ok=1
Cmd: compileComputeKernel
  api=14 insize=2455 outsize=1907 ok=1
Cmd: compileComputeKernel
  api=14 insize=2457 outsize=1907 ok=1
Cmd: translateComputeKernel
  api=14 insize=1936 outsize=2171 ok=1
Cmd: compileComputeKernel
  api=4 insize=2464 outsize=613 ok=1
Cmd: compileComputeKernel
  api=4 insize=2440 outsize=613 ok=1
Cmd: translateComputeKernel
  api=14 insize=1710 outsize=2019 ok=1
Cmd: compileComputeKernel
  api=14 insize=2440 outsize=1669 ok=1
Cmd: translateComputeKernel
  api=14 insize=2444 outsize=3019 ok=1
Cmd: compileComputeKernel
  api=14 insize=2433 outsize=754 ok=1
Cmd: translateComputeKernel
  api=14 insize=1698 outsize=1525 ok=1
Cmd: compileComputeKernel
  api=4 insize=2435 outsize=613 ok=1
Cmd: compileComputeKernel
  api=4 insize=3551 outsize=1687 ok=1
Cmd: compileComputeKernel
  api=4 insize=3446 outsize=863 ok=1
Cmd: translateComputeKernel
  api=14 insize=2040 outsize=2199 ok=1
Cmd: translateComputeKernel
  api=14 insize=1802 outsize=2019 ok=1
Cmd: compileComputeKernel
  api=14 insize=3464 outsize=3099 ok=1
Cmd: translateComputeKernel
  api=14 insize=2864 outsize=3569 ok=1
Cmd: compileComputeKernel
  api=14 insize=3429 outsize=3659 ok=1
Cmd: compileComputeKernel
  api=14 insize=3429 outsize=3659 ok=1
Cmd: translateComputeKernel
  api=14 insize=1802 outsize=2019 ok=1
Cmd: compileComputeKernel
  api=14 insize=3617 outsize=754 ok=1
Cmd: translateComputeKernel
  api=14 insize=1802 outsize=2019 ok=1
Cmd: compileComputeKernel
  api=4 insize=3593 outsize=322 ok=1
Cmd: translateComputeKernel
  api=14 insize=1802 outsize=2019 ok=1
Cmd: compileComputeKernel
  api=4 insize=3890 outsize=3239 ok=1
Cmd: compileComputeKernel
  api=4 insize=3890 outsize=1257 ok=1
Cmd: translateComputeKernel
  api=14 insize=1802 outsize=2019 ok=1
Cmd: translateComputeKernel
  api=14 insize=843 outsize=878 ok=1
Cmd: compileComputeKernel
  api=4 insize=3889 outsize=3195 ok=1
Cmd: compileComputeKernel
  api=4 insize=3982 outsize=614 ok=1
Cmd: translateComputeKernel
  api=14 insize=1802 outsize=2019 ok=1
Cmd: compileComputeKernel
  error: 2 plat 14 at Pixel.compute(126): undeclared identifier 'moveY'
  api=14 insize=4307 outsize=0 ok=0
Cmd: compileComputeKernel
  api=14 insize=4307 outsize=754 ok=1
Cmd: compileComputeKernel
  error: 2 plat 4 at Pixel.compute(126): undeclared identifier 'moveX3'
  api=4 insize=4307 outsize=0 ok=0
Cmd: compileComputeKernel
  api=14 insize=4339 outsize=1766 ok=1
Cmd: compileComputeKernel
  api=14 insize=4338 outsize=1766 ok=1
Cmd: translateComputeKernel
  api=14 insize=4748 outsize=6889 ok=1
Cmd: compileComputeKernel
  error: 2 plat 14 at Pixel.compute(122): redefinition of 'r0'
  api=14 insize=5059 outsize=0 ok=0
Cmd: compileComputeKernel
  error: 2 plat 14 at Pixel.compute(128): redefinition of 'canMove'
  api=14 insize=5043 outsize=0 ok=0
Cmd: compileComputeKernel
  error: 2 plat 14 at Pixel.compute(113): undeclared identifier 'canMove'
  api=14 insize=5035 outsize=0 ok=0
Cmd: compileComputeKernel
  error: 2 plat 14 at Pixel.compute(113): undeclared identifier 'canMove'
  api=14 insize=5039 outsize=0 ok=0
Cmd: compileComputeKernel
  error: 2 plat 4 at Pixel.compute(113): undeclared identifier 'canMove'
  api=4 insize=5044 outsize=0 ok=0
Cmd: compileComputeKernel
  api=4 insize=5048 outsize=3411 ok=1
Cmd: compileComputeKernel
  api=4 insize=5044 outsize=3411 ok=1
Cmd: compileComputeKernel
  api=14 insize=5045 outsize=2405 ok=1
Cmd: translateComputeKernel
  api=14 insize=1802 outsize=2019 ok=1
Cmd: compileComputeKernel
  api=4 insize=5045 outsize=614 ok=1
Cmd: compileComputeKernel
  api=14 insize=5045 outsize=754 ok=1
Cmd: compileComputeKernel
  error: 2 plat 14 at Pixel.compute(155): undeclared identifier 'moveY3'
  api=14 insize=5047 outsize=0 ok=0
Cmd: compileComputeKernel
  api=14 insize=5057 outsize=754 ok=1
Cmd: compileComputeKernel
  api=14 insize=5055 outsize=2405 ok=1
Cmd: compileComputeKernel
  api=4 insize=5053 outsize=322 ok=1
Cmd: compileComputeKernel
  api=14 insize=5055 outsize=754 ok=1
